2021-09-17 14:00:53,762 INFO  StartupInfoLogger:55 - [] Starting Application using Java 16.0.2 on DESKTOP-BAFFFLG with PID 10432 (C:\Users\Sony\Desktop\com.StudentManagement\target\classes started by Sony in C:\Users\Sony\Desktop\com.StudentManagement)
2021-09-17 14:00:53,795 INFO  SpringApplication:659 - [] No active profile set, falling back to default profiles: default
2021-09-17 14:00:56,380 INFO  RepositoryConfigurationDelegate:132 - [] Bootstrapping Spring Data JPA repositories in DEFAULT mode.
2021-09-17 14:00:56,639 INFO  RepositoryConfigurationDelegate:201 - [] Finished Spring Data repository scanning in 230 ms. Found 2 JPA repository interfaces.
2021-09-17 14:00:58,457 INFO  TomcatWebServer:108 - [] Tomcat initialized with port(s): 9002 (http)
2021-09-17 14:00:58,483 INFO  DirectJDKLog:173 - [] Starting service [Tomcat]
2021-09-17 14:00:58,485 INFO  DirectJDKLog:173 - [] Starting Servlet engine: [Apache Tomcat/9.0.52]
2021-09-17 14:00:58,804 INFO  DirectJDKLog:173 - [] Initializing Spring embedded WebApplicationContext
2021-09-17 14:00:58,805 INFO  ServletWebServerApplicationContext:290 - [] Root WebApplicationContext: initialization completed in 4859 ms
2021-09-17 14:00:59,301 INFO  LogHelper:31 - [] HHH000204: Processing PersistenceUnitInfo [name: default]
2021-09-17 14:00:59,420 INFO  Version:44 - [] HHH000412: Hibernate ORM core version 5.4.32.Final
2021-09-17 14:00:59,767 INFO  JavaReflectionManager:56 - [] HCANN000001: Hibernate Commons Annotations {5.1.2.Final}
2021-09-17 14:00:59,968 INFO  HikariDataSource:110 - [] HikariPool-1 - Starting...
2021-09-17 14:01:00,872 INFO  HikariDataSource:123 - [] HikariPool-1 - Start completed.
2021-09-17 14:01:00,899 INFO  Dialect:175 - [] HHH000400: Using dialect: org.hibernate.dialect.MySQL5Dialect
2021-09-17 14:01:02,864 INFO  JtaPlatformInitiator:52 - [] HHH000490: Using JtaPlatform implementation: [org.hibernate.engine.transaction.jta.platform.internal.NoJtaPlatform]
2021-09-17 14:01:02,887 INFO  AbstractEntityManagerFactoryBean:437 - [] Initialized JPA EntityManagerFactory for persistence unit 'default'
2021-09-17 14:01:03,895 WARN  JpaBaseConfiguration$JpaWebConfiguration:219 - [] spring.jpa.open-in-view is enabled by default. Therefore, database queries may be performed during view rendering. Explicitly configure spring.jpa.open-in-view to disable this warning
2021-09-17 14:01:04,762 INFO  TomcatWebServer:220 - [] Tomcat started on port(s): 9002 (http) with context path ''
2021-09-17 14:01:04,782 INFO  StartupInfoLogger:61 - [] Started Application in 12.414 seconds (JVM running for 13.65)
2021-09-17 14:05:45,769 INFO  StartupInfoLogger:55 - [] Starting Application using Java 16.0.2 on DESKTOP-BAFFFLG with PID 6444 (C:\Users\Sony\Desktop\com.StudentManagement\target\classes started by Sony in C:\Users\Sony\Desktop\com.StudentManagement)
2021-09-17 14:05:45,777 INFO  SpringApplication:659 - [] No active profile set, falling back to default profiles: default
2021-09-17 14:05:48,702 INFO  RepositoryConfigurationDelegate:132 - [] Bootstrapping Spring Data JPA repositories in DEFAULT mode.
2021-09-17 14:05:48,847 INFO  RepositoryConfigurationDelegate:201 - [] Finished Spring Data repository scanning in 118 ms. Found 2 JPA repository interfaces.
2021-09-17 14:05:50,568 INFO  TomcatWebServer:108 - [] Tomcat initialized with port(s): 9002 (http)
2021-09-17 14:05:50,599 INFO  DirectJDKLog:173 - [] Starting service [Tomcat]
2021-09-17 14:05:50,602 INFO  DirectJDKLog:173 - [] Starting Servlet engine: [Apache Tomcat/9.0.52]
2021-09-17 14:05:50,954 INFO  DirectJDKLog:173 - [] Initializing Spring embedded WebApplicationContext
2021-09-17 14:05:50,956 INFO  ServletWebServerApplicationContext:290 - [] Root WebApplicationContext: initialization completed in 4829 ms
2021-09-17 14:05:51,499 INFO  LogHelper:31 - [] HHH000204: Processing PersistenceUnitInfo [name: default]
2021-09-17 14:05:51,641 INFO  Version:44 - [] HHH000412: Hibernate ORM core version 5.4.32.Final
2021-09-17 14:05:51,987 INFO  JavaReflectionManager:56 - [] HCANN000001: Hibernate Commons Annotations {5.1.2.Final}
2021-09-17 14:05:52,283 INFO  HikariDataSource:110 - [] HikariPool-1 - Starting...
2021-09-17 14:05:54,142 ERROR HikariPool:594 - [] HikariPool-1 - Exception during pool initialization.
java.sql.SQLSyntaxErrorException: Unknown database 'studentcourse1'
	at com.mysql.cj.jdbc.exceptions.SQLError.createSQLException(SQLError.java:120)
	at com.mysql.cj.jdbc.exceptions.SQLExceptionsMapping.translateException(SQLExceptionsMapping.java:122)
	at com.mysql.cj.jdbc.ConnectionImpl.createNewIO(ConnectionImpl.java:828)
	at com.mysql.cj.jdbc.ConnectionImpl.<init>(ConnectionImpl.java:448)
	at com.mysql.cj.jdbc.ConnectionImpl.getInstance(ConnectionImpl.java:241)
	at com.mysql.cj.jdbc.NonRegisteringDriver.connect(NonRegisteringDriver.java:198)
	at com.zaxxer.hikari.util.DriverDataSource.getConnection(DriverDataSource.java:138)
	at com.zaxxer.hikari.pool.PoolBase.newConnection(PoolBase.java:364)
	at com.zaxxer.hikari.pool.PoolBase.newPoolEntry(PoolBase.java:206)
	at com.zaxxer.hikari.pool.HikariPool.createPoolEntry(HikariPool.java:476)
	at com.zaxxer.hikari.pool.HikariPool.checkFailFast(HikariPool.java:561)
	at com.zaxxer.hikari.pool.HikariPool.<init>(HikariPool.java:115)
	at com.zaxxer.hikari.HikariDataSource.getConnection(HikariDataSource.java:112)
	at org.hibernate.engine.jdbc.connections.internal.DatasourceConnectionProviderImpl.getConnection(DatasourceConnectionProviderImpl.java:122)
	at org.hibernate.engine.jdbc.env.internal.JdbcEnvironmentInitiator$ConnectionProviderJdbcConnectionAccess.obtainConnection(JdbcEnvironmentInitiator.java:180)
	at org.hibernate.engine.jdbc.env.internal.JdbcEnvironmentInitiator.initiateService(JdbcEnvironmentInitiator.java:68)
	at org.hibernate.engine.jdbc.env.internal.JdbcEnvironmentInitiator.initiateService(JdbcEnvironmentInitiator.java:35)
	at org.hibernate.boot.registry.internal.StandardServiceRegistryImpl.initiateService(StandardServiceRegistryImpl.java:101)
	at org.hibernate.service.internal.AbstractServiceRegistryImpl.createService(AbstractServiceRegistryImpl.java:263)
	at org.hibernate.service.internal.AbstractServiceRegistryImpl.initializeService(AbstractServiceRegistryImpl.java:237)
	at org.hibernate.service.internal.AbstractServiceRegistryImpl.getService(AbstractServiceRegistryImpl.java:214)
	at org.hibernate.id.factory.internal.DefaultIdentifierGeneratorFactory.injectServices(DefaultIdentifierGeneratorFactory.java:152)
	at org.hibernate.service.internal.AbstractServiceRegistryImpl.injectDependencies(AbstractServiceRegistryImpl.java:286)
	at org.hibernate.service.internal.AbstractServiceRegistryImpl.initializeService(AbstractServiceRegistryImpl.java:243)
	at org.hibernate.service.internal.AbstractServiceRegistryImpl.getService(AbstractServiceRegistryImpl.java:214)
	at org.hibernate.boot.internal.InFlightMetadataCollectorImpl.<init>(InFlightMetadataCollectorImpl.java:176)
	at org.hibernate.boot.model.process.spi.MetadataBuildingProcess.complete(MetadataBuildingProcess.java:127)
	at org.hibernate.jpa.boot.internal.EntityManagerFactoryBuilderImpl.metadata(EntityManagerFactoryBuilderImpl.java:1224)
	at org.hibernate.jpa.boot.internal.EntityManagerFactoryBuilderImpl.build(EntityManagerFactoryBuilderImpl.java:1255)
	at org.springframework.orm.jpa.vendor.SpringHibernateJpaPersistenceProvider.createContainerEntityManagerFactory(SpringHibernateJpaPersistenceProvider.java:58)
	at org.springframework.orm.jpa.LocalContainerEntityManagerFactoryBean.createNativeEntityManagerFactory(LocalContainerEntityManagerFactoryBean.java:365)
	at org.springframework.orm.jpa.AbstractEntityManagerFactoryBean.buildNativeEntityManagerFactory(AbstractEntityManagerFactoryBean.java:409)
	at org.springframework.orm.jpa.AbstractEntityManagerFactoryBean.afterPropertiesSet(AbstractEntityManagerFactoryBean.java:396)
	at org.springframework.orm.jpa.LocalContainerEntityManagerFactoryBean.afterPropertiesSet(LocalContainerEntityManagerFactoryBean.java:341)
	at org.springframework.beans.factory.support.AbstractAutowireCapableBeanFactory.invokeInitMethods(AbstractAutowireCapableBeanFactory.java:1845)
	at org.springframework.beans.factory.support.AbstractAutowireCapableBeanFactory.initializeBean(AbstractAutowireCapableBeanFactory.java:1782)
	at org.springframework.beans.factory.support.AbstractAutowireCapableBeanFactory.doCreateBean(AbstractAutowireCapableBeanFactory.java:602)
	at org.springframework.beans.factory.support.AbstractAutowireCapableBeanFactory.createBean(AbstractAutowireCapableBeanFactory.java:524)
	at org.springframework.beans.factory.support.AbstractBeanFactory.lambda$doGetBean$0(AbstractBeanFactory.java:335)
	at org.springframework.beans.factory.support.DefaultSingletonBeanRegistry.getSingleton(DefaultSingletonBeanRegistry.java:234)
	at org.springframework.beans.factory.support.AbstractBeanFactory.doGetBean(AbstractBeanFactory.java:333)
	at org.springframework.beans.factory.support.AbstractBeanFactory.getBean(AbstractBeanFactory.java:208)
	at org.springframework.context.support.AbstractApplicationContext.getBean(AbstractApplicationContext.java:1154)
	at org.springframework.context.support.AbstractApplicationContext.finishBeanFactoryInitialization(AbstractApplicationContext.java:908)
	at org.springframework.context.support.AbstractApplicationContext.refresh(AbstractApplicationContext.java:583)
	at org.springframework.boot.web.servlet.context.ServletWebServerApplicationContext.refresh(ServletWebServerApplicationContext.java:145)
	at org.springframework.boot.SpringApplication.refresh(SpringApplication.java:754)
	at org.springframework.boot.SpringApplication.refreshContext(SpringApplication.java:434)
	at org.springframework.boot.SpringApplication.run(SpringApplication.java:338)
	at org.springframework.boot.SpringApplication.run(SpringApplication.java:1343)
	at org.springframework.boot.SpringApplication.run(SpringApplication.java:1332)
	at com.StudentManagement.Application.main(Application.java:10)
	at java.base/jdk.internal.reflect.NativeMethodAccessorImpl.invoke0(Native Method)
	at java.base/jdk.internal.reflect.NativeMethodAccessorImpl.invoke(NativeMethodAccessorImpl.java:78)
	at java.base/jdk.internal.reflect.DelegatingMethodAccessorImpl.invoke(DelegatingMethodAccessorImpl.java:43)
	at java.base/java.lang.reflect.Method.invoke(Method.java:567)
	at com.intellij.rt.execution.application.AppMainV2.main(AppMainV2.java:131)
2021-09-17 14:05:54,152 WARN  JdbcEnvironmentInitiator:132 - [] HHH000342: Could not obtain connection to query metadata
java.sql.SQLSyntaxErrorException: Unknown database 'studentcourse1'
	at com.mysql.cj.jdbc.exceptions.SQLError.createSQLException(SQLError.java:120)
	at com.mysql.cj.jdbc.exceptions.SQLExceptionsMapping.translateException(SQLExceptionsMapping.java:122)
	at com.mysql.cj.jdbc.ConnectionImpl.createNewIO(ConnectionImpl.java:828)
	at com.mysql.cj.jdbc.ConnectionImpl.<init>(ConnectionImpl.java:448)
	at com.mysql.cj.jdbc.ConnectionImpl.getInstance(ConnectionImpl.java:241)
	at com.mysql.cj.jdbc.NonRegisteringDriver.connect(NonRegisteringDriver.java:198)
	at com.zaxxer.hikari.util.DriverDataSource.getConnection(DriverDataSource.java:138)
	at com.zaxxer.hikari.pool.PoolBase.newConnection(PoolBase.java:364)
	at com.zaxxer.hikari.pool.PoolBase.newPoolEntry(PoolBase.java:206)
	at com.zaxxer.hikari.pool.HikariPool.createPoolEntry(HikariPool.java:476)
	at com.zaxxer.hikari.pool.HikariPool.checkFailFast(HikariPool.java:561)
	at com.zaxxer.hikari.pool.HikariPool.<init>(HikariPool.java:115)
	at com.zaxxer.hikari.HikariDataSource.getConnection(HikariDataSource.java:112)
	at org.hibernate.engine.jdbc.connections.internal.DatasourceConnectionProviderImpl.getConnection(DatasourceConnectionProviderImpl.java:122)
	at org.hibernate.engine.jdbc.env.internal.JdbcEnvironmentInitiator$ConnectionProviderJdbcConnectionAccess.obtainConnection(JdbcEnvironmentInitiator.java:180)
	at org.hibernate.engine.jdbc.env.internal.JdbcEnvironmentInitiator.initiateService(JdbcEnvironmentInitiator.java:68)
	at org.hibernate.engine.jdbc.env.internal.JdbcEnvironmentInitiator.initiateService(JdbcEnvironmentInitiator.java:35)
	at org.hibernate.boot.registry.internal.StandardServiceRegistryImpl.initiateService(StandardServiceRegistryImpl.java:101)
	at org.hibernate.service.internal.AbstractServiceRegistryImpl.createService(AbstractServiceRegistryImpl.java:263)
	at org.hibernate.service.internal.AbstractServiceRegistryImpl.initializeService(AbstractServiceRegistryImpl.java:237)
	at org.hibernate.service.internal.AbstractServiceRegistryImpl.getService(AbstractServiceRegistryImpl.java:214)
	at org.hibernate.id.factory.internal.DefaultIdentifierGeneratorFactory.injectServices(DefaultIdentifierGeneratorFactory.java:152)
	at org.hibernate.service.internal.AbstractServiceRegistryImpl.injectDependencies(AbstractServiceRegistryImpl.java:286)
	at org.hibernate.service.internal.AbstractServiceRegistryImpl.initializeService(AbstractServiceRegistryImpl.java:243)
	at org.hibernate.service.internal.AbstractServiceRegistryImpl.getService(AbstractServiceRegistryImpl.java:214)
	at org.hibernate.boot.internal.InFlightMetadataCollectorImpl.<init>(InFlightMetadataCollectorImpl.java:176)
	at org.hibernate.boot.model.process.spi.MetadataBuildingProcess.complete(MetadataBuildingProcess.java:127)
	at org.hibernate.jpa.boot.internal.EntityManagerFactoryBuilderImpl.metadata(EntityManagerFactoryBuilderImpl.java:1224)
	at org.hibernate.jpa.boot.internal.EntityManagerFactoryBuilderImpl.build(EntityManagerFactoryBuilderImpl.java:1255)
	at org.springframework.orm.jpa.vendor.SpringHibernateJpaPersistenceProvider.createContainerEntityManagerFactory(SpringHibernateJpaPersistenceProvider.java:58)
	at org.springframework.orm.jpa.LocalContainerEntityManagerFactoryBean.createNativeEntityManagerFactory(LocalContainerEntityManagerFactoryBean.java:365)
	at org.springframework.orm.jpa.AbstractEntityManagerFactoryBean.buildNativeEntityManagerFactory(AbstractEntityManagerFactoryBean.java:409)
	at org.springframework.orm.jpa.AbstractEntityManagerFactoryBean.afterPropertiesSet(AbstractEntityManagerFactoryBean.java:396)
	at org.springframework.orm.jpa.LocalContainerEntityManagerFactoryBean.afterPropertiesSet(LocalContainerEntityManagerFactoryBean.java:341)
	at org.springframework.beans.factory.support.AbstractAutowireCapableBeanFactory.invokeInitMethods(AbstractAutowireCapableBeanFactory.java:1845)
	at org.springframework.beans.factory.support.AbstractAutowireCapableBeanFactory.initializeBean(AbstractAutowireCapableBeanFactory.java:1782)
	at org.springframework.beans.factory.support.AbstractAutowireCapableBeanFactory.doCreateBean(AbstractAutowireCapableBeanFactory.java:602)
	at org.springframework.beans.factory.support.AbstractAutowireCapableBeanFactory.createBean(AbstractAutowireCapableBeanFactory.java:524)
	at org.springframework.beans.factory.support.AbstractBeanFactory.lambda$doGetBean$0(AbstractBeanFactory.java:335)
	at org.springframework.beans.factory.support.DefaultSingletonBeanRegistry.getSingleton(DefaultSingletonBeanRegistry.java:234)
	at org.springframework.beans.factory.support.AbstractBeanFactory.doGetBean(AbstractBeanFactory.java:333)
	at org.springframework.beans.factory.support.AbstractBeanFactory.getBean(AbstractBeanFactory.java:208)
	at org.springframework.context.support.AbstractApplicationContext.getBean(AbstractApplicationContext.java:1154)
	at org.springframework.context.support.AbstractApplicationContext.finishBeanFactoryInitialization(AbstractApplicationContext.java:908)
	at org.springframework.context.support.AbstractApplicationContext.refresh(AbstractApplicationContext.java:583)
	at org.springframework.boot.web.servlet.context.ServletWebServerApplicationContext.refresh(ServletWebServerApplicationContext.java:145)
	at org.springframework.boot.SpringApplication.refresh(SpringApplication.java:754)
	at org.springframework.boot.SpringApplication.refreshContext(SpringApplication.java:434)
	at org.springframework.boot.SpringApplication.run(SpringApplication.java:338)
	at org.springframework.boot.SpringApplication.run(SpringApplication.java:1343)
	at org.springframework.boot.SpringApplication.run(SpringApplication.java:1332)
	at com.StudentManagement.Application.main(Application.java:10)
	at java.base/jdk.internal.reflect.NativeMethodAccessorImpl.invoke0(Native Method)
	at java.base/jdk.internal.reflect.NativeMethodAccessorImpl.invoke(NativeMethodAccessorImpl.java:78)
	at java.base/jdk.internal.reflect.DelegatingMethodAccessorImpl.invoke(DelegatingMethodAccessorImpl.java:43)
	at java.base/java.lang.reflect.Method.invoke(Method.java:567)
	at com.intellij.rt.execution.application.AppMainV2.main(AppMainV2.java:131)
2021-09-17 14:05:54,190 INFO  Dialect:175 - [] HHH000400: Using dialect: org.hibernate.dialect.MySQL5Dialect
2021-09-17 14:05:55,392 INFO  JtaPlatformInitiator:52 - [] HHH000490: Using JtaPlatform implementation: [org.hibernate.engine.transaction.jta.platform.internal.NoJtaPlatform]
2021-09-17 14:05:55,412 INFO  AbstractEntityManagerFactoryBean:437 - [] Initialized JPA EntityManagerFactory for persistence unit 'default'
2021-09-17 14:05:56,401 WARN  JpaBaseConfiguration$JpaWebConfiguration:219 - [] spring.jpa.open-in-view is enabled by default. Therefore, database queries may be performed during view rendering. Explicitly configure spring.jpa.open-in-view to disable this warning
2021-09-17 14:05:57,375 INFO  TomcatWebServer:220 - [] Tomcat started on port(s): 9002 (http) with context path ''
2021-09-17 14:05:57,400 INFO  StartupInfoLogger:61 - [] Started Application in 13.097 seconds (JVM running for 14.332)
2021-09-17 14:07:32,112 INFO  StartupInfoLogger:55 - [] Starting Application using Java 16.0.2 on DESKTOP-BAFFFLG with PID 428 (C:\Users\Sony\Desktop\com.StudentManagement\target\classes started by Sony in C:\Users\Sony\Desktop\com.StudentManagement)
2021-09-17 14:07:32,132 INFO  SpringApplication:659 - [] No active profile set, falling back to default profiles: default
2021-09-17 14:07:34,839 INFO  RepositoryConfigurationDelegate:132 - [] Bootstrapping Spring Data JPA repositories in DEFAULT mode.
2021-09-17 14:07:35,008 INFO  RepositoryConfigurationDelegate:201 - [] Finished Spring Data repository scanning in 144 ms. Found 2 JPA repository interfaces.
2021-09-17 14:07:37,260 INFO  TomcatWebServer:108 - [] Tomcat initialized with port(s): 9002 (http)
2021-09-17 14:07:37,283 INFO  DirectJDKLog:173 - [] Starting service [Tomcat]
2021-09-17 14:07:37,284 INFO  DirectJDKLog:173 - [] Starting Servlet engine: [Apache Tomcat/9.0.52]
2021-09-17 14:07:37,643 INFO  DirectJDKLog:173 - [] Initializing Spring embedded WebApplicationContext
2021-09-17 14:07:37,644 INFO  ServletWebServerApplicationContext:290 - [] Root WebApplicationContext: initialization completed in 5215 ms
2021-09-17 14:07:38,756 INFO  LogHelper:31 - [] HHH000204: Processing PersistenceUnitInfo [name: default]
2021-09-17 14:07:38,972 INFO  Version:44 - [] HHH000412: Hibernate ORM core version 5.4.32.Final
2021-09-17 14:07:39,377 INFO  JavaReflectionManager:56 - [] HCANN000001: Hibernate Commons Annotations {5.1.2.Final}
2021-09-17 14:07:39,602 INFO  HikariDataSource:110 - [] HikariPool-1 - Starting...
2021-09-17 14:07:40,813 INFO  HikariDataSource:123 - [] HikariPool-1 - Start completed.
2021-09-17 14:07:40,859 INFO  Dialect:175 - [] HHH000400: Using dialect: org.hibernate.dialect.MySQL5Dialect
2021-09-17 14:07:43,446 INFO  JtaPlatformInitiator:52 - [] HHH000490: Using JtaPlatform implementation: [org.hibernate.engine.transaction.jta.platform.internal.NoJtaPlatform]
2021-09-17 14:07:43,472 INFO  AbstractEntityManagerFactoryBean:437 - [] Initialized JPA EntityManagerFactory for persistence unit 'default'
2021-09-17 14:07:45,183 WARN  JpaBaseConfiguration$JpaWebConfiguration:219 - [] spring.jpa.open-in-view is enabled by default. Therefore, database queries may be performed during view rendering. Explicitly configure spring.jpa.open-in-view to disable this warning
2021-09-17 14:07:46,534 INFO  TomcatWebServer:220 - [] Tomcat started on port(s): 9002 (http) with context path ''
